<?xml version="1.0" encoding="UTF-8"?>
<coverage generated="1715489012933" clover="3.2.0">
  <project timestamp="1715489012933" name="All files">
    <metrics statements="51" coveredstatements="48" conditionals="6" coveredconditionals="5" methods="21" coveredmethods="19" elements="78" coveredelements="72" complexity="0" loc="51" ncloc="51" packages="4" files="7" classes="7"/>
    <package name="Bank-Sofka">
      <metrics statements="1" coveredstatements="1" conditionals="0" coveredconditionals="0" methods="1" coveredmethods="1"/>
      <file name="App.tsx" path="/home/rafael/Escritorio/Proyectos/Bank-Sofka/App.tsx">
        <metrics statements="1" coveredstatements="1" conditionals="0" coveredconditionals="0" methods="1" coveredmethods="1"/>
        <line num="5" count="1" type="stmt"/>
      </file>
    </package>
    <package name="Bank-Sofka.src.components">
      <metrics statements="17" coveredstatements="17" conditionals="2" coveredconditionals="2" methods="9" coveredmethods="8"/>
      <file name="FadeInImage.tsx" path="/home/rafael/Escritorio/Proyectos/Bank-Sofka/src/components/FadeInImage.tsx">
        <metrics statements="7" coveredstatements="7" conditionals="2" coveredconditionals="2" methods="2" coveredmethods="2"/>
        <line num="10" count="4" type="stmt"/>
        <line num="12" count="4" type="stmt"/>
        <line num="13" count="4" type="stmt"/>
        <line num="15" count="4" type="stmt"/>
        <line num="16" count="1" type="stmt"/>
        <line num="17" count="1" type="stmt"/>
        <line num="20" count="4" type="stmt"/>
      </file>
      <file name="ListProduct.tsx" path="/home/rafael/Escritorio/Proyectos/Bank-Sofka/src/components/ListProduct.tsx">
        <metrics statements="7" coveredstatements="7" conditionals="0" coveredconditionals="0" methods="6" coveredmethods="5"/>
        <line num="15" count="4" type="stmt"/>
        <line num="17" count="10" type="stmt"/>
        <line num="19" count="10" type="stmt"/>
        <line num="24" count="16" type="stmt"/>
        <line num="26" count="12" type="stmt"/>
        <line num="28" count="8" type="stmt"/>
        <line num="30" count="6" type="stmt"/>
      </file>
      <file name="Product.tsx" path="/home/rafael/Escritorio/Proyectos/Bank-Sofka/src/components/Product.tsx">
        <metrics statements="3" coveredstatements="3" conditionals="0" coveredconditionals="0" methods="1" coveredmethods="1"/>
        <line num="5" count="5" type="stmt"/>
        <line num="6" count="13" type="stmt"/>
        <line num="21" count="5" type="stmt"/>
      </file>
    </package>
    <package name="Bank-Sofka.src.navigator">
      <metrics statements="4" coveredstatements="4" conditionals="0" coveredconditionals="0" methods="2" coveredmethods="2"/>
      <file name="Navigator.tsx" path="/home/rafael/Escritorio/Proyectos/Bank-Sofka/src/navigator/Navigator.tsx">
        <metrics statements="4" coveredstatements="4" conditionals="0" coveredconditionals="0" methods="2" coveredmethods="2"/>
        <line num="14" count="2" type="stmt"/>
        <line num="16" count="2" type="stmt"/>
        <line num="17" count="2" type="stmt"/>
        <line num="27" count="2" type="stmt"/>
      </file>
    </package>
    <package name="Bank-Sofka.src.screens">
      <metrics statements="29" coveredstatements="26" conditionals="4" coveredconditionals="3" methods="9" coveredmethods="8"/>
      <file name="AdditionalInformationScreen.tsx" path="/home/rafael/Escritorio/Proyectos/Bank-Sofka/src/screens/AdditionalInformationScreen.tsx">
        <metrics statements="4" coveredstatements="4" conditionals="0" coveredconditionals="0" methods="1" coveredmethods="1"/>
        <line num="10" count="3" type="stmt"/>
        <line num="12" count="1" type="stmt"/>
        <line num="14" count="1" type="stmt"/>
        <line num="51" count="3" type="stmt"/>
      </file>
      <file name="HomeScreen.tsx" path="/home/rafael/Escritorio/Proyectos/Bank-Sofka/src/screens/HomeScreen.tsx">
        <metrics statements="25" coveredstatements="22" conditionals="4" coveredconditionals="3" methods="8" coveredmethods="7"/>
        <line num="16" count="3" type="stmt"/>
        <line num="18" count="8" type="stmt"/>
        <line num="19" count="8" type="stmt"/>
        <line num="20" count="8" type="stmt"/>
        <line num="21" count="8" type="stmt"/>
        <line num="24" count="8" type="stmt"/>
        <line num="26" count="8" type="stmt"/>
        <line num="27" count="4" type="stmt"/>
        <line num="28" count="4" type="stmt"/>
        <line num="29" count="3" type="stmt"/>
        <line num="30" count="3" type="stmt"/>
        <line num="31" count="3" type="stmt"/>
        <line num="34" count="1" type="stmt"/>
        <line num="38" count="8" type="stmt"/>
        <line num="39" count="4" type="stmt"/>
        <line num="42" count="8" type="stmt"/>
        <line num="43" count="4" type="cond" truecount="1" falsecount="1"/>
        <line num="44" count="0" type="stmt"/>
        <line num="45" count="0" type="stmt"/>
        <line num="47" count="0" type="stmt"/>
        <line num="49" count="4" type="stmt"/>
        <line num="53" count="8" type="stmt"/>
        <line num="54" count="4" type="stmt"/>
        <line num="57" count="8" type="stmt"/>
        <line num="67" count="1" type="stmt"/>
      </file>
    </package>
  </project>
</coverage>
