{"/home/rafael/Escritorio/Proyectos/Bank-Sofka/src/components/ButtonCustom.tsx": {"path":"/home/rafael/Escritorio/Proyectos/Bank-Sofka/src/components/ButtonCustom.tsx","statementMap":{"0":{"start":{"line":12,"column":21},"end":{"line":33,"column":1}},"1":{"start":{"line":13,"column":2},"end":{"line":32,"column":3}}},"fnMap":{"0":{"name":"(anonymous_0)","decl":{"start":{"line":12,"column":21},"end":{"line":12,"column":22}},"loc":{"start":{"line":12,"column":95},"end":{"line":33,"column":1}},"line":12}},"branchMap":{"0":{"loc":{"start":{"line":19,"column":29},"end":{"line":19,"column":57}},"type":"binary-expr","locations":[{"start":{"line":19,"column":29},"end":{"line":19,"column":44}},{"start":{"line":19,"column":48},"end":{"line":19,"column":57}}],"line":19},"1":{"loc":{"start":{"line":29,"column":63},"end":{"line":29,"column":85}},"type":"binary-expr","locations":[{"start":{"line":29,"column":63},"end":{"line":29,"column":72}},{"start":{"line":29,"column":76},"end":{"line":29,"column":85}}],"line":29}},"s":{"0":5,"1":40},"f":{"0":40},"b":{"0":[40,28],"1":[40,31]},"_coverageSchema":"1a1c01bbd47fc00a2c39e90264f33305004495a9","hash":"407ab163607451aee3a245dff1405e2e12aa3f94"}
,"/home/rafael/Escritorio/Proyectos/Bank-Sofka/src/components/FadeInImage.tsx": {"path":"/home/rafael/Escritorio/Proyectos/Bank-Sofka/src/components/FadeInImage.tsx","statementMap":{"0":{"start":{"line":11,"column":20},"end":{"line":43,"column":1}},"1":{"start":{"line":13,"column":30},"end":{"line":13,"column":44}},"2":{"start":{"line":14,"column":36},"end":{"line":14,"column":50}},"3":{"start":{"line":16,"column":24},"end":{"line":21,"column":3}},"4":{"start":{"line":17,"column":4},"end":{"line":20,"column":6}},"5":{"start":{"line":18,"column":6},"end":{"line":18,"column":26}},"6":{"start":{"line":19,"column":6},"end":{"line":19,"column":19}},"7":{"start":{"line":23,"column":2},"end":{"line":42,"column":3}}},"fnMap":{"0":{"name":"(anonymous_0)","decl":{"start":{"line":11,"column":20},"end":{"line":11,"column":21}},"loc":{"start":{"line":11,"column":47},"end":{"line":43,"column":1}},"line":11},"1":{"name":"(anonymous_1)","decl":{"start":{"line":16,"column":24},"end":{"line":16,"column":25}},"loc":{"start":{"line":16,"column":30},"end":{"line":21,"column":3}},"line":16},"2":{"name":"(anonymous_2)","decl":{"start":{"line":17,"column":8},"end":{"line":17,"column":9}},"loc":{"start":{"line":17,"column":14},"end":{"line":20,"column":5}},"line":17}},"branchMap":{"0":{"loc":{"start":{"line":29,"column":8},"end":{"line":29,"column":113}},"type":"binary-expr","locations":[{"start":{"line":29,"column":8},"end":{"line":29,"column":17}},{"start":{"line":29,"column":21},"end":{"line":29,"column":113}}],"line":29}},"s":{"0":4,"1":12,"2":12,"3":12,"4":1,"5":1,"6":1,"7":12},"f":{"0":12,"1":1,"2":1},"b":{"0":[12,11]},"_coverageSchema":"1a1c01bbd47fc00a2c39e90264f33305004495a9","hash":"8d9460b389f8aa5d3e5240eade24d9c546087a24"}
,"/home/rafael/Escritorio/Proyectos/Bank-Sofka/src/components/InputCustom.tsx": {"path":"/home/rafael/Escritorio/Proyectos/Bank-Sofka/src/components/InputCustom.tsx","statementMap":{"0":{"start":{"line":15,"column":20},"end":{"line":184,"column":1}},"1":{"start":{"line":16,"column":76},"end":{"line":16,"column":81}},"2":{"start":{"line":17,"column":28},"end":{"line":17,"column":40}},"3":{"start":{"line":18,"column":28},"end":{"line":18,"column":40}},"4":{"start":{"line":19,"column":28},"end":{"line":19,"column":40}},"5":{"start":{"line":20,"column":44},"end":{"line":20,"column":56}},"6":{"start":{"line":22,"column":14},"end":{"line":22,"column":16}},"7":{"start":{"line":23,"column":20},"end":{"line":23,"column":22}},"8":{"start":{"line":26,"column":2},"end":{"line":56,"column":3}},"9":{"start":{"line":28,"column":6},"end":{"line":28,"column":19}},"10":{"start":{"line":29,"column":6},"end":{"line":29,"column":37}},"11":{"start":{"line":30,"column":6},"end":{"line":30,"column":21}},"12":{"start":{"line":31,"column":6},"end":{"line":31,"column":12}},"13":{"start":{"line":33,"column":6},"end":{"line":33,"column":23}},"14":{"start":{"line":34,"column":6},"end":{"line":34,"column":41}},"15":{"start":{"line":35,"column":6},"end":{"line":35,"column":22}},"16":{"start":{"line":36,"column":6},"end":{"line":36,"column":12}},"17":{"start":{"line":38,"column":6},"end":{"line":38,"column":28}},"18":{"start":{"line":39,"column":6},"end":{"line":39,"column":47}},"19":{"start":{"line":40,"column":6},"end":{"line":40,"column":22}},"20":{"start":{"line":41,"column":6},"end":{"line":41,"column":12}},"21":{"start":{"line":43,"column":6},"end":{"line":43,"column":21}},"22":{"start":{"line":44,"column":6},"end":{"line":44,"column":39}},"23":{"start":{"line":45,"column":6},"end":{"line":45,"column":12}},"24":{"start":{"line":47,"column":6},"end":{"line":47,"column":49}},"25":{"start":{"line":48,"column":6},"end":{"line":48,"column":59}},"26":{"start":{"line":49,"column":6},"end":{"line":49,"column":12}},"27":{"start":{"line":51,"column":6},"end":{"line":51,"column":34}},"28":{"start":{"line":52,"column":6},"end":{"line":52,"column":40}},"29":{"start":{"line":53,"column":6},"end":{"line":53,"column":12}},"30":{"start":{"line":55,"column":6},"end":{"line":55,"column":12}},"31":{"start":{"line":58,"column":21},"end":{"line":70,"column":3}},"32":{"start":{"line":59,"column":4},"end":{"line":69,"column":5}},"33":{"start":{"line":60,"column":23},"end":{"line":60,"column":88}},"34":{"start":{"line":61,"column":6},"end":{"line":66,"column":7}},"35":{"start":{"line":62,"column":8},"end":{"line":65,"column":10}},"36":{"start":{"line":63,"column":10},"end":{"line":63,"column":35}},"37":{"start":{"line":64,"column":10},"end":{"line":64,"column":26}},"38":{"start":{"line":72,"column":2},"end":{"line":79,"column":29}},"39":{"start":{"line":73,"column":4},"end":{"line":78,"column":5}},"40":{"start":{"line":74,"column":6},"end":{"line":74,"column":40}},"41":{"start":{"line":75,"column":6},"end":{"line":77,"column":7}},"42":{"start":{"line":76,"column":8},"end":{"line":76,"column":37}},"43":{"start":{"line":81,"column":2},"end":{"line":85,"column":13}},"44":{"start":{"line":82,"column":4},"end":{"line":84,"column":5}},"45":{"start":{"line":83,"column":6},"end":{"line":83,"column":19}},"46":{"start":{"line":87,"column":27},"end":{"line":166,"column":3}},"47":{"start":{"line":91,"column":4},"end":{"line":148,"column":5}},"48":{"start":{"line":93,"column":8},"end":{"line":98,"column":9}},"49":{"start":{"line":94,"column":10},"end":{"line":94,"column":41}},"50":{"start":{"line":95,"column":10},"end":{"line":95,"column":24}},"51":{"start":{"line":97,"column":10},"end":{"line":97,"column":26}},"52":{"start":{"line":99,"column":8},"end":{"line":99,"column":14}},"53":{"start":{"line":101,"column":8},"end":{"line":106,"column":9}},"54":{"start":{"line":102,"column":10},"end":{"line":102,"column":51}},"55":{"start":{"line":103,"column":10},"end":{"line":103,"column":24}},"56":{"start":{"line":105,"column":10},"end":{"line":105,"column":25}},"57":{"start":{"line":107,"column":8},"end":{"line":107,"column":14}},"58":{"start":{"line":109,"column":8},"end":{"line":114,"column":9}},"59":{"start":{"line":110,"column":10},"end":{"line":110,"column":51}},"60":{"start":{"line":111,"column":10},"end":{"line":111,"column":24}},"61":{"start":{"line":113,"column":10},"end":{"line":113,"column":25}},"62":{"start":{"line":115,"column":8},"end":{"line":115,"column":14}},"63":{"start":{"line":117,"column":8},"end":{"line":122,"column":9}},"64":{"start":{"line":118,"column":10},"end":{"line":118,"column":51}},"65":{"start":{"line":119,"column":10},"end":{"line":119,"column":24}},"66":{"start":{"line":121,"column":10},"end":{"line":121,"column":25}},"67":{"start":{"line":123,"column":8},"end":{"line":123,"column":14}},"68":{"start":{"line":126,"column":26},"end":{"line":126,"column":41}},"69":{"start":{"line":127,"column":26},"end":{"line":127,"column":85}},"70":{"start":{"line":129,"column":8},"end":{"line":142,"column":9}},"71":{"start":{"line":130,"column":10},"end":{"line":130,"column":60}},"72":{"start":{"line":131,"column":10},"end":{"line":131,"column":24}},"73":{"start":{"line":133,"column":24},"end":{"line":133,"column":62}},"74":{"start":{"line":134,"column":33},"end":{"line":134,"column":49}},"75":{"start":{"line":135,"column":33},"end":{"line":135,"column":107}},"76":{"start":{"line":136,"column":10},"end":{"line":141,"column":11}},"77":{"start":{"line":137,"column":12},"end":{"line":137,"column":30}},"78":{"start":{"line":138,"column":12},"end":{"line":138,"column":28}},"79":{"start":{"line":140,"column":12},"end":{"line":140,"column":26}},"80":{"start":{"line":143,"column":8},"end":{"line":143,"column":14}},"81":{"start":{"line":145,"column":8},"end":{"line":145,"column":14}},"82":{"start":{"line":147,"column":8},"end":{"line":147,"column":14}},"83":{"start":{"line":150,"column":4},"end":{"line":150,"column":19}},"84":{"start":{"line":151,"column":4},"end":{"line":151,"column":28}},"85":{"start":{"line":152,"column":4},"end":{"line":152,"column":21}},"86":{"start":{"line":154,"column":4},"end":{"line":156,"column":5}},"87":{"start":{"line":155,"column":6},"end":{"line":155,"column":24}},"88":{"start":{"line":158,"column":4},"end":{"line":160,"column":5}},"89":{"start":{"line":159,"column":6},"end":{"line":159,"column":25}},"90":{"start":{"line":162,"column":4},"end":{"line":164,"column":5}},"91":{"start":{"line":163,"column":6},"end":{"line":163,"column":25}},"92":{"start":{"line":168,"column":2},"end":{"line":183,"column":4}}},"fnMap":{"0":{"name":"(anonymous_0)","decl":{"start":{"line":15,"column":20},"end":{"line":15,"column":21}},"loc":{"start":{"line":15,"column":38},"end":{"line":184,"column":1}},"line":15},"1":{"name":"(anonymous_1)","decl":{"start":{"line":58,"column":21},"end":{"line":58,"column":22}},"loc":{"start":{"line":58,"column":33},"end":{"line":70,"column":3}},"line":58},"2":{"name":"(anonymous_2)","decl":{"start":{"line":62,"column":12},"end":{"line":62,"column":13}},"loc":{"start":{"line":62,"column":18},"end":{"line":65,"column":9}},"line":62},"3":{"name":"(anonymous_3)","decl":{"start":{"line":72,"column":12},"end":{"line":72,"column":13}},"loc":{"start":{"line":72,"column":18},"end":{"line":79,"column":3}},"line":72},"4":{"name":"(anonymous_4)","decl":{"start":{"line":81,"column":12},"end":{"line":81,"column":13}},"loc":{"start":{"line":81,"column":18},"end":{"line":85,"column":3}},"line":81},"5":{"name":"(anonymous_5)","decl":{"start":{"line":87,"column":27},"end":{"line":87,"column":28}},"loc":{"start":{"line":87,"column":51},"end":{"line":166,"column":3}},"line":87}},"branchMap":{"0":{"loc":{"start":{"line":26,"column":2},"end":{"line":56,"column":3}},"type":"switch","locations":[{"start":{"line":27,"column":4},"end":{"line":31,"column":12}},{"start":{"line":32,"column":4},"end":{"line":36,"column":12}},{"start":{"line":37,"column":4},"end":{"line":41,"column":12}},{"start":{"line":42,"column":4},"end":{"line":45,"column":12}},{"start":{"line":46,"column":4},"end":{"line":49,"column":12}},{"start":{"line":50,"column":4},"end":{"line":53,"column":12}},{"start":{"line":54,"column":4},"end":{"line":55,"column":12}}],"line":26},"1":{"loc":{"start":{"line":61,"column":6},"end":{"line":66,"column":7}},"type":"if","locations":[{"start":{"line":61,"column":6},"end":{"line":66,"column":7}},{"start":{},"end":{}}],"line":61},"2":{"loc":{"start":{"line":73,"column":4},"end":{"line":78,"column":5}},"type":"if","locations":[{"start":{"line":73,"column":4},"end":{"line":78,"column":5}},{"start":{},"end":{}}],"line":73},"3":{"loc":{"start":{"line":73,"column":8},"end":{"line":73,"column":55}},"type":"binary-expr","locations":[{"start":{"line":73,"column":8},"end":{"line":73,"column":36}},{"start":{"line":73,"column":40},"end":{"line":73,"column":55}}],"line":73},"4":{"loc":{"start":{"line":75,"column":6},"end":{"line":77,"column":7}},"type":"if","locations":[{"start":{"line":75,"column":6},"end":{"line":77,"column":7}},{"start":{},"end":{}}],"line":75},"5":{"loc":{"start":{"line":82,"column":4},"end":{"line":84,"column":5}},"type":"if","locations":[{"start":{"line":82,"column":4},"end":{"line":84,"column":5}},{"start":{},"end":{}}],"line":82},"6":{"loc":{"start":{"line":91,"column":4},"end":{"line":148,"column":5}},"type":"switch","locations":[{"start":{"line":92,"column":6},"end":{"line":99,"column":14}},{"start":{"line":100,"column":6},"end":{"line":107,"column":14}},{"start":{"line":108,"column":6},"end":{"line":115,"column":14}},{"start":{"line":116,"column":6},"end":{"line":123,"column":14}},{"start":{"line":124,"column":6},"end":{"line":143,"column":14}},{"start":{"line":144,"column":6},"end":{"line":145,"column":14}},{"start":{"line":146,"column":6},"end":{"line":147,"column":14}}],"line":91},"7":{"loc":{"start":{"line":93,"column":8},"end":{"line":98,"column":9}},"type":"if","locations":[{"start":{"line":93,"column":8},"end":{"line":98,"column":9}},{"start":{"line":96,"column":15},"end":{"line":98,"column":9}}],"line":93},"8":{"loc":{"start":{"line":93,"column":12},"end":{"line":93,"column":47}},"type":"binary-expr","locations":[{"start":{"line":93,"column":12},"end":{"line":93,"column":27}},{"start":{"line":93,"column":31},"end":{"line":93,"column":47}}],"line":93},"9":{"loc":{"start":{"line":101,"column":8},"end":{"line":106,"column":9}},"type":"if","locations":[{"start":{"line":101,"column":8},"end":{"line":106,"column":9}},{"start":{"line":104,"column":15},"end":{"line":106,"column":9}}],"line":101},"10":{"loc":{"start":{"line":101,"column":12},"end":{"line":101,"column":48}},"type":"binary-expr","locations":[{"start":{"line":101,"column":12},"end":{"line":101,"column":27}},{"start":{"line":101,"column":31},"end":{"line":101,"column":48}}],"line":101},"11":{"loc":{"start":{"line":109,"column":8},"end":{"line":114,"column":9}},"type":"if","locations":[{"start":{"line":109,"column":8},"end":{"line":114,"column":9}},{"start":{"line":112,"column":15},"end":{"line":114,"column":9}}],"line":109},"12":{"loc":{"start":{"line":109,"column":12},"end":{"line":109,"column":49}},"type":"binary-expr","locations":[{"start":{"line":109,"column":12},"end":{"line":109,"column":28}},{"start":{"line":109,"column":32},"end":{"line":109,"column":49}}],"line":109},"13":{"loc":{"start":{"line":117,"column":8},"end":{"line":122,"column":9}},"type":"if","locations":[{"start":{"line":117,"column":8},"end":{"line":122,"column":9}},{"start":{"line":120,"column":15},"end":{"line":122,"column":9}}],"line":117},"14":{"loc":{"start":{"line":129,"column":8},"end":{"line":142,"column":9}},"type":"if","locations":[{"start":{"line":129,"column":8},"end":{"line":142,"column":9}},{"start":{"line":132,"column":15},"end":{"line":142,"column":9}}],"line":129},"15":{"loc":{"start":{"line":136,"column":10},"end":{"line":141,"column":11}},"type":"if","locations":[{"start":{"line":136,"column":10},"end":{"line":141,"column":11}},{"start":{"line":139,"column":17},"end":{"line":141,"column":11}}],"line":136},"16":{"loc":{"start":{"line":154,"column":4},"end":{"line":156,"column":5}},"type":"if","locations":[{"start":{"line":154,"column":4},"end":{"line":156,"column":5}},{"start":{},"end":{}}],"line":154},"17":{"loc":{"start":{"line":158,"column":4},"end":{"line":160,"column":5}},"type":"if","locations":[{"start":{"line":158,"column":4},"end":{"line":160,"column":5}},{"start":{},"end":{}}],"line":158},"18":{"loc":{"start":{"line":162,"column":4},"end":{"line":164,"column":5}},"type":"if","locations":[{"start":{"line":162,"column":4},"end":{"line":164,"column":5}},{"start":{},"end":{}}],"line":162},"19":{"loc":{"start":{"line":176,"column":19},"end":{"line":176,"column":37}},"type":"binary-expr","locations":[{"start":{"line":176,"column":19},"end":{"line":176,"column":29}},{"start":{"line":176,"column":33},"end":{"line":176,"column":37}}],"line":176},"20":{"loc":{"start":{"line":177,"column":15},"end":{"line":177,"column":69}},"type":"cond-expr","locations":[{"start":{"line":177,"column":46},"end":{"line":177,"column":61}},{"start":{"line":177,"column":64},"end":{"line":177,"column":69}}],"line":177},"21":{"loc":{"start":{"line":181,"column":7},"end":{"line":181,"column":67}},"type":"cond-expr","locations":[{"start":{"line":181,"column":15},"end":{"line":181,"column":60}},{"start":{"line":181,"column":63},"end":{"line":181,"column":67}}],"line":181}},"s":{"0":4,"1":124,"2":124,"3":124,"4":124,"5":124,"6":124,"7":124,"8":124,"9":28,"10":28,"11":28,"12":28,"13":19,"14":19,"15":19,"16":19,"17":19,"18":19,"19":19,"20":19,"21":19,"22":19,"23":19,"24":18,"25":18,"26":18,"27":20,"28":20,"29":20,"30":1,"31":124,"32":10,"33":10,"34":10,"35":10,"36":10,"37":10,"38":124,"39":40,"40":6,"41":6,"42":6,"43":124,"44":53,"45":10,"46":124,"47":15,"48":4,"49":1,"50":1,"51":3,"52":4,"53":3,"54":1,"55":1,"56":2,"57":3,"58":3,"59":1,"60":1,"61":2,"62":3,"63":3,"64":1,"65":1,"66":2,"67":3,"68":2,"69":2,"70":2,"71":0,"72":0,"73":2,"74":2,"75":2,"76":2,"77":1,"78":1,"79":1,"80":2,"81":0,"82":0,"83":15,"84":15,"85":15,"86":15,"87":0,"88":15,"89":6,"90":15,"91":11,"92":124},"f":{"0":124,"1":10,"2":10,"3":40,"4":53,"5":15},"b":{"0":[28,19,19,19,18,20,1],"1":[10,0],"2":[6,34],"3":[40,9],"4":[6,0],"5":[10,43],"6":[4,3,3,3,2,0,0],"7":[1,3],"8":[4,3],"9":[1,2],"10":[3,2],"11":[1,2],"12":[3,2],"13":[1,2],"14":[0,2],"15":[1,1],"16":[0,15],"17":[6,9],"18":[11,4],"19":[124,58],"20":[20,104],"21":[13,111]},"_coverageSchema":"1a1c01bbd47fc00a2c39e90264f33305004495a9","hash":"8d4fd2a7b7535ef2336627502352914c6f7938ea"}
,"/home/rafael/Escritorio/Proyectos/Bank-Sofka/src/components/ItemSeparator.tsx": {"path":"/home/rafael/Escritorio/Proyectos/Bank-Sofka/src/components/ItemSeparator.tsx","statementMap":{"0":{"start":{"line":3,"column":22},"end":{"line":15,"column":1}},"1":{"start":{"line":5,"column":2},"end":{"line":14,"column":4}}},"fnMap":{"0":{"name":"(anonymous_0)","decl":{"start":{"line":3,"column":22},"end":{"line":3,"column":23}},"loc":{"start":{"line":3,"column":28},"end":{"line":15,"column":1}},"line":3}},"branchMap":{},"s":{"0":4,"1":10},"f":{"0":10},"b":{},"_coverageSchema":"1a1c01bbd47fc00a2c39e90264f33305004495a9","hash":"1cc485625aa02b5764d32dedd07b39ac263335ac"}
,"/home/rafael/Escritorio/Proyectos/Bank-Sofka/src/components/ListProduct.tsx": {"path":"/home/rafael/Escritorio/Proyectos/Bank-Sofka/src/components/ListProduct.tsx","statementMap":{"0":{"start":{"line":15,"column":20},"end":{"line":36,"column":1}},"1":{"start":{"line":17,"column":39},"end":{"line":17,"column":44}},"2":{"start":{"line":19,"column":2},"end":{"line":35,"column":3}},"3":{"start":{"line":25,"column":39},"end":{"line":25,"column":54}},"4":{"start":{"line":27,"column":10},"end":{"line":27,"column":161}},"5":{"start":{"line":27,"column":81},"end":{"line":27,"column":157}},"6":{"start":{"line":29,"column":38},"end":{"line":29,"column":55}},"7":{"start":{"line":31,"column":10},"end":{"line":31,"column":107}}},"fnMap":{"0":{"name":"(anonymous_0)","decl":{"start":{"line":15,"column":20},"end":{"line":15,"column":21}},"loc":{"start":{"line":15,"column":38},"end":{"line":36,"column":1}},"line":15},"1":{"name":"(anonymous_1)","decl":{"start":{"line":25,"column":22},"end":{"line":25,"column":23}},"loc":{"start":{"line":25,"column":39},"end":{"line":25,"column":54}},"line":25},"2":{"name":"(anonymous_2)","decl":{"start":{"line":26,"column":20},"end":{"line":26,"column":21}},"loc":{"start":{"line":27,"column":10},"end":{"line":27,"column":161}},"line":27},"3":{"name":"(anonymous_3)","decl":{"start":{"line":27,"column":75},"end":{"line":27,"column":76}},"loc":{"start":{"line":27,"column":81},"end":{"line":27,"column":157}},"line":27},"4":{"name":"(anonymous_4)","decl":{"start":{"line":29,"column":32},"end":{"line":29,"column":33}},"loc":{"start":{"line":29,"column":38},"end":{"line":29,"column":55}},"line":29},"5":{"name":"(anonymous_5)","decl":{"start":{"line":30,"column":28},"end":{"line":30,"column":29}},"loc":{"start":{"line":31,"column":10},"end":{"line":31,"column":107}},"line":31}},"branchMap":{},"s":{"0":4,"1":12,"2":12,"3":20,"4":15,"5":0,"6":10,"7":7},"f":{"0":12,"1":20,"2":15,"3":0,"4":10,"5":7},"b":{},"_coverageSchema":"1a1c01bbd47fc00a2c39e90264f33305004495a9","hash":"74c12ecf15fa340104d58697a810fdb2944697d1"}
,"/home/rafael/Escritorio/Proyectos/Bank-Sofka/src/helpers/formatDate.ts": {"path":"/home/rafael/Escritorio/Proyectos/Bank-Sofka/src/helpers/formatDate.ts","statementMap":{"0":{"start":{"line":1,"column":26},"end":{"line":8,"column":1}},"1":{"start":{"line":2,"column":15},"end":{"line":2,"column":35}},"2":{"start":{"line":3,"column":2},"end":{"line":7,"column":4}},"3":{"start":{"line":10,"column":34},"end":{"line":19,"column":1}},"4":{"start":{"line":11,"column":29},"end":{"line":11,"column":50}},"5":{"start":{"line":14,"column":23},"end":{"line":14,"column":57}},"6":{"start":{"line":15,"column":25},"end":{"line":15,"column":65}},"7":{"start":{"line":18,"column":2},"end":{"line":18,"column":53}},"8":{"start":{"line":21,"column":24},"end":{"line":27,"column":1}},"9":{"start":{"line":22,"column":20},"end":{"line":22,"column":69}},"10":{"start":{"line":23,"column":21},"end":{"line":23,"column":45}},"11":{"start":{"line":24,"column":2},"end":{"line":24,"column":39}},"12":{"start":{"line":26,"column":2},"end":{"line":26,"column":29}},"13":{"start":{"line":29,"column":37},"end":{"line":35,"column":1}},"14":{"start":{"line":30,"column":20},"end":{"line":30,"column":36}},"15":{"start":{"line":31,"column":21},"end":{"line":31,"column":45}},"16":{"start":{"line":32,"column":2},"end":{"line":32,"column":39}},"17":{"start":{"line":33,"column":21},"end":{"line":33,"column":40}},"18":{"start":{"line":34,"column":2},"end":{"line":34,"column":20}}},"fnMap":{"0":{"name":"(anonymous_0)","decl":{"start":{"line":1,"column":26},"end":{"line":1,"column":27}},"loc":{"start":{"line":1,"column":48},"end":{"line":8,"column":1}},"line":1},"1":{"name":"(anonymous_1)","decl":{"start":{"line":10,"column":34},"end":{"line":10,"column":35}},"loc":{"start":{"line":10,"column":58},"end":{"line":19,"column":1}},"line":10},"2":{"name":"(anonymous_2)","decl":{"start":{"line":21,"column":24},"end":{"line":21,"column":25}},"loc":{"start":{"line":21,"column":30},"end":{"line":27,"column":1}},"line":21},"3":{"name":"(anonymous_3)","decl":{"start":{"line":29,"column":37},"end":{"line":29,"column":38}},"loc":{"start":{"line":29,"column":56},"end":{"line":35,"column":1}},"line":29}},"branchMap":{"0":{"loc":{"start":{"line":14,"column":23},"end":{"line":14,"column":57}},"type":"cond-expr","locations":[{"start":{"line":14,"column":42},"end":{"line":14,"column":51}},{"start":{"line":14,"column":54},"end":{"line":14,"column":57}}],"line":14},"1":{"loc":{"start":{"line":15,"column":25},"end":{"line":15,"column":65}},"type":"cond-expr","locations":[{"start":{"line":15,"column":46},"end":{"line":15,"column":57}},{"start":{"line":15,"column":60},"end":{"line":15,"column":65}}],"line":15}},"s":{"0":5,"1":20,"2":20,"3":5,"4":4,"5":4,"6":4,"7":4,"8":5,"9":5,"10":5,"11":5,"12":5,"13":5,"14":3,"15":3,"16":3,"17":3,"18":3},"f":{"0":20,"1":4,"2":5,"3":3},"b":{"0":[1,3],"1":[1,3]},"_coverageSchema":"1a1c01bbd47fc00a2c39e90264f33305004495a9","hash":"38904b47717a1d925de550baf0d8cf0795f215f9"}
,"/home/rafael/Escritorio/Proyectos/Bank-Sofka/src/hooks/UseApiInstance.ts": {"path":"/home/rafael/Escritorio/Proyectos/Bank-Sofka/src/hooks/UseApiInstance.ts","statementMap":{"0":{"start":{"line":3,"column":16},"end":{"line":3,"column":47}},"1":{"start":{"line":4,"column":17},"end":{"line":4,"column":50}},"2":{"start":{"line":6,"column":23},"end":{"line":12,"column":2}}},"fnMap":{},"branchMap":{},"s":{"0":6,"1":6,"2":6},"f":{},"b":{},"_coverageSchema":"1a1c01bbd47fc00a2c39e90264f33305004495a9","hash":"00d44e3107d26d98012eb2f6491c93fe337730d0"}
,"/home/rafael/Escritorio/Proyectos/Bank-Sofka/src/hooks/useAnimation.ts": {"path":"/home/rafael/Escritorio/Proyectos/Bank-Sofka/src/hooks/useAnimation.ts","statementMap":{"0":{"start":{"line":4,"column":21},"end":{"line":59,"column":1}},"1":{"start":{"line":6,"column":18},"end":{"line":6,"column":55}},"2":{"start":{"line":7,"column":19},"end":{"line":7,"column":56}},"3":{"start":{"line":9,"column":17},"end":{"line":18,"column":3}},"4":{"start":{"line":10,"column":4},"end":{"line":17,"column":14}},"5":{"start":{"line":20,"column":18},"end":{"line":37,"column":3}},"6":{"start":{"line":21,"column":4},"end":{"line":28,"column":14}},"7":{"start":{"line":29,"column":4},"end":{"line":36,"column":14}},"8":{"start":{"line":39,"column":30},"end":{"line":50,"column":3}},"9":{"start":{"line":40,"column":4},"end":{"line":40,"column":36}},"10":{"start":{"line":41,"column":4},"end":{"line":49,"column":14}},"11":{"start":{"line":52,"column":2},"end":{"line":58,"column":4}}},"fnMap":{"0":{"name":"(anonymous_0)","decl":{"start":{"line":4,"column":21},"end":{"line":4,"column":22}},"loc":{"start":{"line":4,"column":27},"end":{"line":59,"column":1}},"line":4},"1":{"name":"(anonymous_1)","decl":{"start":{"line":9,"column":17},"end":{"line":9,"column":18}},"loc":{"start":{"line":9,"column":45},"end":{"line":18,"column":3}},"line":9},"2":{"name":"(anonymous_2)","decl":{"start":{"line":20,"column":18},"end":{"line":20,"column":19}},"loc":{"start":{"line":20,"column":24},"end":{"line":37,"column":3}},"line":20},"3":{"name":"(anonymous_3)","decl":{"start":{"line":39,"column":30},"end":{"line":39,"column":31}},"loc":{"start":{"line":39,"column":95},"end":{"line":50,"column":3}},"line":39}},"branchMap":{"0":{"loc":{"start":{"line":9,"column":18},"end":{"line":9,"column":40}},"type":"default-arg","locations":[{"start":{"line":9,"column":37},"end":{"line":9,"column":40}}],"line":9},"1":{"loc":{"start":{"line":39,"column":71},"end":{"line":39,"column":90}},"type":"default-arg","locations":[{"start":{"line":39,"column":89},"end":{"line":39,"column":90}}],"line":39},"2":{"loc":{"start":{"line":44,"column":17},"end":{"line":44,"column":29}},"type":"binary-expr","locations":[{"start":{"line":44,"column":17},"end":{"line":44,"column":24}},{"start":{"line":44,"column":28},"end":{"line":44,"column":29}}],"line":44}},"s":{"0":4,"1":21,"2":21,"3":21,"4":6,"5":21,"6":0,"7":0,"8":21,"9":5,"10":5,"11":21},"f":{"0":21,"1":6,"2":0,"3":5},"b":{"0":[5],"1":[3],"2":[5,0]},"_coverageSchema":"1a1c01bbd47fc00a2c39e90264f33305004495a9","hash":"eca01bc1b283e5e7019816c801f6a01928bbedd9"}
,"/home/rafael/Escritorio/Proyectos/Bank-Sofka/src/hooks/useForm.ts": {"path":"/home/rafael/Escritorio/Proyectos/Bank-Sofka/src/hooks/useForm.ts","statementMap":{"0":{"start":{"line":3,"column":23},"end":{"line":18,"column":1}},"1":{"start":{"line":4,"column":28},"end":{"line":4,"column":47}},"2":{"start":{"line":6,"column":19},"end":{"line":11,"column":3}},"3":{"start":{"line":7,"column":4},"end":{"line":10,"column":6}},"4":{"start":{"line":13,"column":2},"end":{"line":17,"column":3}}},"fnMap":{"0":{"name":"(anonymous_0)","decl":{"start":{"line":3,"column":23},"end":{"line":3,"column":24}},"loc":{"start":{"line":3,"column":59},"end":{"line":18,"column":1}},"line":3},"1":{"name":"(anonymous_1)","decl":{"start":{"line":6,"column":19},"end":{"line":6,"column":20}},"loc":{"start":{"line":6,"column":67},"end":{"line":11,"column":3}},"line":6}},"branchMap":{},"s":{"0":3,"1":15,"2":15,"3":11,"4":15},"f":{"0":15,"1":11},"b":{},"_coverageSchema":"1a1c01bbd47fc00a2c39e90264f33305004495a9","hash":"4f76caeeb1c5eb3cbfce781f5afed80b6aede7ed"}
,"/home/rafael/Escritorio/Proyectos/Bank-Sofka/src/navigator/Navigator.tsx": {"path":"/home/rafael/Escritorio/Proyectos/Bank-Sofka/src/navigator/Navigator.tsx","statementMap":{"0":{"start":{"line":16,"column":14},"end":{"line":16,"column":59}},"1":{"start":{"line":18,"column":18},"end":{"line":45,"column":1}},"2":{"start":{"line":19,"column":2},"end":{"line":44,"column":3}},"3":{"start":{"line":29,"column":12},"end":{"line":33,"column":15}}},"fnMap":{"0":{"name":"(anonymous_0)","decl":{"start":{"line":18,"column":18},"end":{"line":18,"column":19}},"loc":{"start":{"line":18,"column":24},"end":{"line":45,"column":1}},"line":18},"1":{"name":"(anonymous_1)","decl":{"start":{"line":28,"column":23},"end":{"line":28,"column":24}},"loc":{"start":{"line":29,"column":12},"end":{"line":33,"column":15}},"line":29}},"branchMap":{},"s":{"0":2,"1":2,"2":2,"3":2},"f":{"0":2,"1":2},"b":{},"_coverageSchema":"1a1c01bbd47fc00a2c39e90264f33305004495a9","hash":"f98e0d452f40cc76541a7bde9ef323b5c82b3547"}
,"/home/rafael/Escritorio/Proyectos/Bank-Sofka/src/screens/AdditionalInformationScreen.tsx": {"path":"/home/rafael/Escritorio/Proyectos/Bank-Sofka/src/screens/AdditionalInformationScreen.tsx","statementMap":{"0":{"start":{"line":14,"column":36},"end":{"line":129,"column":1}},"1":{"start":{"line":16,"column":71},"end":{"line":16,"column":97}},"2":{"start":{"line":18,"column":32},"end":{"line":18,"column":47}},"3":{"start":{"line":19,"column":70},"end":{"line":19,"column":84}},"4":{"start":{"line":21,"column":23},"end":{"line":25,"column":3}},"5":{"start":{"line":22,"column":4},"end":{"line":24,"column":44}},"6":{"start":{"line":23,"column":18},"end":{"line":23,"column":45}},"7":{"start":{"line":24,"column":24},"end":{"line":24,"column":42}},"8":{"start":{"line":27,"column":2},"end":{"line":128,"column":3}},"9":{"start":{"line":62,"column":14},"end":{"line":62,"column":30}},"10":{"start":{"line":63,"column":14},"end":{"line":63,"column":22}},"11":{"start":{"line":64,"column":14},"end":{"line":64,"column":43}},"12":{"start":{"line":85,"column":24},"end":{"line":85,"column":33}},"13":{"start":{"line":86,"column":24},"end":{"line":86,"column":57}},"14":{"start":{"line":87,"column":24},"end":{"line":89,"column":32}},"15":{"start":{"line":88,"column":26},"end":{"line":88,"column":44}},"16":{"start":{"line":106,"column":22},"end":{"line":106,"column":31}},"17":{"start":{"line":107,"column":22},"end":{"line":107,"column":55}},"18":{"start":{"line":108,"column":22},"end":{"line":110,"column":30}},"19":{"start":{"line":109,"column":24},"end":{"line":109,"column":42}},"20":{"start":{"line":133,"column":14},"end":{"line":160,"column":2}}},"fnMap":{"0":{"name":"(anonymous_0)","decl":{"start":{"line":14,"column":36},"end":{"line":14,"column":37}},"loc":{"start":{"line":14,"column":70},"end":{"line":129,"column":1}},"line":14},"1":{"name":"(anonymous_1)","decl":{"start":{"line":21,"column":23},"end":{"line":21,"column":24}},"loc":{"start":{"line":21,"column":35},"end":{"line":25,"column":3}},"line":21},"2":{"name":"(anonymous_2)","decl":{"start":{"line":23,"column":12},"end":{"line":23,"column":13}},"loc":{"start":{"line":23,"column":18},"end":{"line":23,"column":45}},"line":23},"3":{"name":"(anonymous_3)","decl":{"start":{"line":24,"column":13},"end":{"line":24,"column":14}},"loc":{"start":{"line":24,"column":24},"end":{"line":24,"column":42}},"line":24},"4":{"name":"(anonymous_4)","decl":{"start":{"line":61,"column":21},"end":{"line":61,"column":22}},"loc":{"start":{"line":61,"column":27},"end":{"line":65,"column":13}},"line":61},"5":{"name":"(anonymous_5)","decl":{"start":{"line":84,"column":31},"end":{"line":84,"column":32}},"loc":{"start":{"line":84,"column":43},"end":{"line":90,"column":23}},"line":84},"6":{"name":"(anonymous_6)","decl":{"start":{"line":87,"column":35},"end":{"line":87,"column":36}},"loc":{"start":{"line":87,"column":41},"end":{"line":89,"column":25}},"line":87},"7":{"name":"(anonymous_7)","decl":{"start":{"line":105,"column":29},"end":{"line":105,"column":30}},"loc":{"start":{"line":105,"column":41},"end":{"line":111,"column":21}},"line":105},"8":{"name":"(anonymous_8)","decl":{"start":{"line":108,"column":33},"end":{"line":108,"column":34}},"loc":{"start":{"line":108,"column":39},"end":{"line":110,"column":23}},"line":108}},"branchMap":{},"s":{"0":3,"1":9,"2":9,"3":9,"4":9,"5":0,"6":0,"7":0,"8":9,"9":3,"10":3,"11":3,"12":1,"13":1,"14":1,"15":0,"16":1,"17":1,"18":1,"19":1,"20":3},"f":{"0":9,"1":0,"2":0,"3":0,"4":3,"5":1,"6":0,"7":1,"8":1},"b":{},"_coverageSchema":"1a1c01bbd47fc00a2c39e90264f33305004495a9","hash":"a6be54f9908bea795ceb537c1f57e57a449d78c0"}
,"/home/rafael/Escritorio/Proyectos/Bank-Sofka/src/screens/HomeScreen.tsx": {"path":"/home/rafael/Escritorio/Proyectos/Bank-Sofka/src/screens/HomeScreen.tsx","statementMap":{"0":{"start":{"line":16,"column":19},"end":{"line":74,"column":1}},"1":{"start":{"line":18,"column":32},"end":{"line":18,"column":57}},"2":{"start":{"line":19,"column":38},"end":{"line":19,"column":50}},"3":{"start":{"line":20,"column":26},"end":{"line":20,"column":62}},"4":{"start":{"line":21,"column":42},"end":{"line":21,"column":78}},"5":{"start":{"line":23,"column":30},"end":{"line":23,"column":58}},"6":{"start":{"line":25,"column":24},"end":{"line":35,"column":3}},"7":{"start":{"line":26,"column":4},"end":{"line":34,"column":5}},"8":{"start":{"line":27,"column":23},"end":{"line":27,"column":63}},"9":{"start":{"line":28,"column":6},"end":{"line":31,"column":9}},"10":{"start":{"line":29,"column":8},"end":{"line":29,"column":34}},"11":{"start":{"line":30,"column":8},"end":{"line":30,"column":39}},"12":{"start":{"line":33,"column":6},"end":{"line":33,"column":24}},"13":{"start":{"line":37,"column":2},"end":{"line":39,"column":4}},"14":{"start":{"line":38,"column":4},"end":{"line":38,"column":20}},"15":{"start":{"line":41,"column":23},"end":{"line":50,"column":3}},"16":{"start":{"line":42,"column":4},"end":{"line":49,"column":5}},"17":{"start":{"line":43,"column":21},"end":{"line":45,"column":8}},"18":{"start":{"line":44,"column":8},"end":{"line":44,"column":83}},"19":{"start":{"line":46,"column":6},"end":{"line":46,"column":22}},"20":{"start":{"line":48,"column":6},"end":{"line":48,"column":28}},"21":{"start":{"line":52,"column":2},"end":{"line":54,"column":28}},"22":{"start":{"line":53,"column":4},"end":{"line":53,"column":19}},"23":{"start":{"line":56,"column":2},"end":{"line":73,"column":3}},"24":{"start":{"line":66,"column":34},"end":{"line":66,"column":53}},"25":{"start":{"line":70,"column":52},"end":{"line":70,"column":100}}},"fnMap":{"0":{"name":"(anonymous_0)","decl":{"start":{"line":16,"column":19},"end":{"line":16,"column":20}},"loc":{"start":{"line":16,"column":46},"end":{"line":74,"column":1}},"line":16},"1":{"name":"(anonymous_1)","decl":{"start":{"line":25,"column":24},"end":{"line":25,"column":25}},"loc":{"start":{"line":25,"column":36},"end":{"line":35,"column":3}},"line":25},"2":{"name":"(anonymous_2)","decl":{"start":{"line":28,"column":10},"end":{"line":28,"column":11}},"loc":{"start":{"line":28,"column":16},"end":{"line":31,"column":7}},"line":28},"3":{"name":"(anonymous_3)","decl":{"start":{"line":37,"column":17},"end":{"line":37,"column":18}},"loc":{"start":{"line":37,"column":23},"end":{"line":39,"column":3}},"line":37},"4":{"name":"(anonymous_4)","decl":{"start":{"line":41,"column":23},"end":{"line":41,"column":24}},"loc":{"start":{"line":41,"column":29},"end":{"line":50,"column":3}},"line":41},"5":{"name":"(anonymous_5)","decl":{"start":{"line":43,"column":37},"end":{"line":43,"column":38}},"loc":{"start":{"line":43,"column":45},"end":{"line":45,"column":7}},"line":43},"6":{"name":"(anonymous_6)","decl":{"start":{"line":52,"column":12},"end":{"line":52,"column":13}},"loc":{"start":{"line":52,"column":18},"end":{"line":54,"column":3}},"line":52},"7":{"name":"(anonymous_7)","decl":{"start":{"line":66,"column":26},"end":{"line":66,"column":27}},"loc":{"start":{"line":66,"column":34},"end":{"line":66,"column":53}},"line":66},"8":{"name":"(anonymous_8)","decl":{"start":{"line":70,"column":46},"end":{"line":70,"column":47}},"loc":{"start":{"line":70,"column":52},"end":{"line":70,"column":100}},"line":70}},"branchMap":{"0":{"loc":{"start":{"line":42,"column":4},"end":{"line":49,"column":5}},"type":"if","locations":[{"start":{"line":42,"column":4},"end":{"line":49,"column":5}},{"start":{"line":47,"column":11},"end":{"line":49,"column":5}}],"line":42},"1":{"loc":{"start":{"line":69,"column":51},"end":{"line":69,"column":66}},"type":"binary-expr","locations":[{"start":{"line":69,"column":51},"end":{"line":69,"column":55}},{"start":{"line":69,"column":59},"end":{"line":69,"column":66}}],"line":69}},"s":{"0":3,"1":14,"2":14,"3":14,"4":14,"5":14,"6":14,"7":10,"8":10,"9":9,"10":9,"11":9,"12":1,"13":14,"14":10,"15":14,"16":5,"17":0,"18":0,"19":0,"20":5,"21":14,"22":5,"23":14,"24":1,"25":1},"f":{"0":14,"1":10,"2":9,"3":10,"4":5,"5":0,"6":5,"7":1,"8":1},"b":{"0":[0,5],"1":[14,14]},"_coverageSchema":"1a1c01bbd47fc00a2c39e90264f33305004495a9","hash":"e96dfeb742f7002b9bfd8b23f532c46c5cb015cb"}
,"/home/rafael/Escritorio/Proyectos/Bank-Sofka/src/screens/ProductRegistrationScreen.tsx": {"path":"/home/rafael/Escritorio/Proyectos/Bank-Sofka/src/screens/ProductRegistrationScreen.tsx","statementMap":{"0":{"start":{"line":9,"column":34},"end":{"line":90,"column":1}},"1":{"start":{"line":11,"column":28},"end":{"line":11,"column":40}},"2":{"start":{"line":12,"column":44},"end":{"line":12,"column":56}},"3":{"start":{"line":13,"column":29},"end":{"line":13,"column":138}},"4":{"start":{"line":15,"column":48},"end":{"line":15,"column":66}},"5":{"start":{"line":17,"column":38},"end":{"line":21,"column":3}},"6":{"start":{"line":18,"column":23},"end":{"line":18,"column":51}},"7":{"start":{"line":19,"column":4},"end":{"line":19,"column":35}},"8":{"start":{"line":20,"column":4},"end":{"line":20,"column":38}},"9":{"start":{"line":23,"column":22},"end":{"line":25,"column":3}},"10":{"start":{"line":24,"column":4},"end":{"line":24,"column":19}},"11":{"start":{"line":27,"column":22},"end":{"line":30,"column":3}},"12":{"start":{"line":28,"column":4},"end":{"line":28,"column":28}},"13":{"start":{"line":29,"column":4},"end":{"line":29,"column":36}},"14":{"start":{"line":32,"column":23},"end":{"line":64,"column":3}},"15":{"start":{"line":33,"column":63},"end":{"line":33,"column":67}},"16":{"start":{"line":34,"column":4},"end":{"line":43,"column":5}},"17":{"start":{"line":35,"column":6},"end":{"line":35,"column":33}},"18":{"start":{"line":36,"column":6},"end":{"line":36,"column":25}},"19":{"start":{"line":37,"column":6},"end":{"line":41,"column":8}},"20":{"start":{"line":42,"column":6},"end":{"line":42,"column":13}},"21":{"start":{"line":44,"column":37},"end":{"line":44,"column":72}},"22":{"start":{"line":45,"column":35},"end":{"line":45,"column":68}},"23":{"start":{"line":46,"column":4},"end":{"line":63,"column":5}},"24":{"start":{"line":47,"column":6},"end":{"line":54,"column":8}},"25":{"start":{"line":58,"column":6},"end":{"line":62,"column":8}},"26":{"start":{"line":66,"column":2},"end":{"line":89,"column":3}},"27":{"start":{"line":78,"column":60},"end":{"line":78,"column":81}},"28":{"start":{"line":79,"column":64},"end":{"line":79,"column":89}},"29":{"start":{"line":80,"column":69},"end":{"line":80,"column":99}},"30":{"start":{"line":81,"column":62},"end":{"line":81,"column":85}}},"fnMap":{"0":{"name":"(anonymous_0)","decl":{"start":{"line":9,"column":34},"end":{"line":9,"column":35}},"loc":{"start":{"line":9,"column":40},"end":{"line":90,"column":1}},"line":9},"1":{"name":"(anonymous_1)","decl":{"start":{"line":17,"column":38},"end":{"line":17,"column":39}},"loc":{"start":{"line":17,"column":57},"end":{"line":21,"column":3}},"line":17},"2":{"name":"(anonymous_2)","decl":{"start":{"line":23,"column":22},"end":{"line":23,"column":23}},"loc":{"start":{"line":23,"column":41},"end":{"line":25,"column":3}},"line":23},"3":{"name":"(anonymous_3)","decl":{"start":{"line":27,"column":22},"end":{"line":27,"column":23}},"loc":{"start":{"line":27,"column":41},"end":{"line":30,"column":3}},"line":27},"4":{"name":"(anonymous_4)","decl":{"start":{"line":32,"column":23},"end":{"line":32,"column":24}},"loc":{"start":{"line":32,"column":35},"end":{"line":64,"column":3}},"line":32},"5":{"name":"(anonymous_5)","decl":{"start":{"line":78,"column":49},"end":{"line":78,"column":50}},"loc":{"start":{"line":78,"column":60},"end":{"line":78,"column":81}},"line":78},"6":{"name":"(anonymous_6)","decl":{"start":{"line":79,"column":53},"end":{"line":79,"column":54}},"loc":{"start":{"line":79,"column":64},"end":{"line":79,"column":89}},"line":79},"7":{"name":"(anonymous_7)","decl":{"start":{"line":80,"column":58},"end":{"line":80,"column":59}},"loc":{"start":{"line":80,"column":69},"end":{"line":80,"column":99}},"line":80},"8":{"name":"(anonymous_8)","decl":{"start":{"line":81,"column":51},"end":{"line":81,"column":52}},"loc":{"start":{"line":81,"column":62},"end":{"line":81,"column":85}},"line":81}},"branchMap":{"0":{"loc":{"start":{"line":34,"column":4},"end":{"line":43,"column":5}},"type":"if","locations":[{"start":{"line":34,"column":4},"end":{"line":43,"column":5}},{"start":{},"end":{}}],"line":34},"1":{"loc":{"start":{"line":34,"column":8},"end":{"line":34,"column":38}},"type":"binary-expr","locations":[{"start":{"line":34,"column":8},"end":{"line":34,"column":13}},{"start":{"line":34,"column":17},"end":{"line":34,"column":38}}],"line":34},"2":{"loc":{"start":{"line":69,"column":16},"end":{"line":69,"column":61}},"type":"cond-expr","locations":[{"start":{"line":69,"column":40},"end":{"line":69,"column":49}},{"start":{"line":69,"column":52},"end":{"line":69,"column":61}}],"line":69},"3":{"loc":{"start":{"line":70,"column":30},"end":{"line":70,"column":59}},"type":"cond-expr","locations":[{"start":{"line":70,"column":54},"end":{"line":70,"column":55}},{"start":{"line":70,"column":58},"end":{"line":70,"column":59}}],"line":70}},"s":{"0":3,"1":15,"2":15,"3":15,"4":15,"5":15,"6":1,"7":1,"8":1,"9":15,"10":6,"11":15,"12":5,"13":5,"14":15,"15":2,"16":2,"17":1,"18":1,"19":1,"20":1,"21":1,"22":1,"23":1,"24":1,"25":1,"26":15,"27":2,"28":1,"29":1,"30":1},"f":{"0":15,"1":1,"2":6,"3":5,"4":2,"5":2,"6":1,"7":1,"8":1},"b":{"0":[1,1],"1":[2,2],"2":[15,0],"3":[15,0]},"_coverageSchema":"1a1c01bbd47fc00a2c39e90264f33305004495a9","hash":"cc271c3b21330d7a5dacf2f049a16384d17233b1"}
}
