{"/home/rafael/Escritorio/Proyectos/Bank-Sofka/App.tsx": {"path":"/home/rafael/Escritorio/Proyectos/Bank-Sofka/App.tsx","statementMap":{"0":{"start":{"line":5,"column":2},"end":{"line":10,"column":4}}},"fnMap":{"0":{"name":"App","decl":{"start":{"line":4,"column":24},"end":{"line":4,"column":27}},"loc":{"start":{"line":4,"column":30},"end":{"line":11,"column":1}},"line":4}},"branchMap":{},"s":{"0":1},"f":{"0":1},"b":{},"_coverageSchema":"1a1c01bbd47fc00a2c39e90264f33305004495a9","hash":"79005f50aef5cde1f83432919a73e28c1c7b7052"}
,"/home/rafael/Escritorio/Proyectos/Bank-Sofka/src/components/FadeInImage.tsx": {"path":"/home/rafael/Escritorio/Proyectos/Bank-Sofka/src/components/FadeInImage.tsx","statementMap":{"0":{"start":{"line":10,"column":20},"end":{"line":40,"column":1}},"1":{"start":{"line":12,"column":30},"end":{"line":12,"column":44}},"2":{"start":{"line":13,"column":36},"end":{"line":13,"column":50}},"3":{"start":{"line":15,"column":24},"end":{"line":18,"column":3}},"4":{"start":{"line":16,"column":4},"end":{"line":16,"column":24}},"5":{"start":{"line":17,"column":4},"end":{"line":17,"column":17}},"6":{"start":{"line":20,"column":2},"end":{"line":39,"column":3}}},"fnMap":{"0":{"name":"(anonymous_0)","decl":{"start":{"line":10,"column":20},"end":{"line":10,"column":21}},"loc":{"start":{"line":10,"column":47},"end":{"line":40,"column":1}},"line":10},"1":{"name":"(anonymous_1)","decl":{"start":{"line":15,"column":24},"end":{"line":15,"column":25}},"loc":{"start":{"line":15,"column":30},"end":{"line":18,"column":3}},"line":15}},"branchMap":{"0":{"loc":{"start":{"line":26,"column":8},"end":{"line":26,"column":113}},"type":"binary-expr","locations":[{"start":{"line":26,"column":8},"end":{"line":26,"column":17}},{"start":{"line":26,"column":21},"end":{"line":26,"column":113}}],"line":26}},"s":{"0":4,"1":4,"2":4,"3":4,"4":1,"5":1,"6":4},"f":{"0":4,"1":1},"b":{"0":[4,3]},"_coverageSchema":"1a1c01bbd47fc00a2c39e90264f33305004495a9","hash":"d17dd7f64328b0581d38c91874669e26a420a611"}
,"/home/rafael/Escritorio/Proyectos/Bank-Sofka/src/components/ListProduct.tsx": {"path":"/home/rafael/Escritorio/Proyectos/Bank-Sofka/src/components/ListProduct.tsx","statementMap":{"0":{"start":{"line":15,"column":20},"end":{"line":35,"column":1}},"1":{"start":{"line":17,"column":39},"end":{"line":17,"column":44}},"2":{"start":{"line":19,"column":2},"end":{"line":34,"column":3}},"3":{"start":{"line":24,"column":39},"end":{"line":24,"column":54}},"4":{"start":{"line":26,"column":10},"end":{"line":26,"column":161}},"5":{"start":{"line":26,"column":81},"end":{"line":26,"column":157}},"6":{"start":{"line":28,"column":38},"end":{"line":28,"column":55}},"7":{"start":{"line":30,"column":10},"end":{"line":30,"column":107}}},"fnMap":{"0":{"name":"(anonymous_0)","decl":{"start":{"line":15,"column":20},"end":{"line":15,"column":21}},"loc":{"start":{"line":15,"column":38},"end":{"line":35,"column":1}},"line":15},"1":{"name":"(anonymous_1)","decl":{"start":{"line":24,"column":22},"end":{"line":24,"column":23}},"loc":{"start":{"line":24,"column":39},"end":{"line":24,"column":54}},"line":24},"2":{"name":"(anonymous_2)","decl":{"start":{"line":25,"column":20},"end":{"line":25,"column":21}},"loc":{"start":{"line":26,"column":10},"end":{"line":26,"column":161}},"line":26},"3":{"name":"(anonymous_3)","decl":{"start":{"line":26,"column":75},"end":{"line":26,"column":76}},"loc":{"start":{"line":26,"column":81},"end":{"line":26,"column":157}},"line":26},"4":{"name":"(anonymous_4)","decl":{"start":{"line":28,"column":32},"end":{"line":28,"column":33}},"loc":{"start":{"line":28,"column":38},"end":{"line":28,"column":55}},"line":28},"5":{"name":"(anonymous_5)","decl":{"start":{"line":29,"column":28},"end":{"line":29,"column":29}},"loc":{"start":{"line":30,"column":10},"end":{"line":30,"column":107}},"line":30}},"branchMap":{},"s":{"0":4,"1":10,"2":10,"3":16,"4":12,"5":0,"6":8,"7":6},"f":{"0":10,"1":16,"2":12,"3":0,"4":8,"5":6},"b":{},"_coverageSchema":"1a1c01bbd47fc00a2c39e90264f33305004495a9","hash":"3f64c483c3b4e1d9ffd8be3d47848460263d5359"}
,"/home/rafael/Escritorio/Proyectos/Bank-Sofka/src/components/Product.tsx": {"path":"/home/rafael/Escritorio/Proyectos/Bank-Sofka/src/components/Product.tsx","statementMap":{"0":{"start":{"line":5,"column":16},"end":{"line":17,"column":1}},"1":{"start":{"line":6,"column":2},"end":{"line":16,"column":3}},"2":{"start":{"line":21,"column":14},"end":{"line":28,"column":2}}},"fnMap":{"0":{"name":"(anonymous_0)","decl":{"start":{"line":5,"column":16},"end":{"line":5,"column":17}},"loc":{"start":{"line":5,"column":56},"end":{"line":17,"column":1}},"line":5}},"branchMap":{},"s":{"0":5,"1":13,"2":5},"f":{"0":13},"b":{},"_coverageSchema":"1a1c01bbd47fc00a2c39e90264f33305004495a9","hash":"52f6e9ea7f61f48bfa053adb3a792189f07f8789"}
,"/home/rafael/Escritorio/Proyectos/Bank-Sofka/src/navigator/Navigator.tsx": {"path":"/home/rafael/Escritorio/Proyectos/Bank-Sofka/src/navigator/Navigator.tsx","statementMap":{"0":{"start":{"line":14,"column":14},"end":{"line":14,"column":59}},"1":{"start":{"line":16,"column":18},"end":{"line":42,"column":1}},"2":{"start":{"line":17,"column":2},"end":{"line":41,"column":3}},"3":{"start":{"line":27,"column":12},"end":{"line":31,"column":15}}},"fnMap":{"0":{"name":"(anonymous_0)","decl":{"start":{"line":16,"column":18},"end":{"line":16,"column":19}},"loc":{"start":{"line":16,"column":24},"end":{"line":42,"column":1}},"line":16},"1":{"name":"(anonymous_1)","decl":{"start":{"line":26,"column":23},"end":{"line":26,"column":24}},"loc":{"start":{"line":27,"column":12},"end":{"line":31,"column":15}},"line":27}},"branchMap":{},"s":{"0":2,"1":2,"2":2,"3":2},"f":{"0":2,"1":2},"b":{},"_coverageSchema":"1a1c01bbd47fc00a2c39e90264f33305004495a9","hash":"343b700ce41d8c233c0ae6d80eda9f7b001b4bfc"}
,"/home/rafael/Escritorio/Proyectos/Bank-Sofka/src/screens/AdditionalInformationScreen.tsx": {"path":"/home/rafael/Escritorio/Proyectos/Bank-Sofka/src/screens/AdditionalInformationScreen.tsx","statementMap":{"0":{"start":{"line":10,"column":36},"end":{"line":47,"column":1}},"1":{"start":{"line":12,"column":71},"end":{"line":12,"column":97}},"2":{"start":{"line":14,"column":2},"end":{"line":46,"column":3}},"3":{"start":{"line":51,"column":14},"end":{"line":78,"column":2}}},"fnMap":{"0":{"name":"(anonymous_0)","decl":{"start":{"line":10,"column":36},"end":{"line":10,"column":37}},"loc":{"start":{"line":10,"column":70},"end":{"line":47,"column":1}},"line":10}},"branchMap":{},"s":{"0":3,"1":1,"2":1,"3":3},"f":{"0":1},"b":{},"_coverageSchema":"1a1c01bbd47fc00a2c39e90264f33305004495a9","hash":"d48dcf30655ed2dd4c88db32698f62f3431bcaf8"}
,"/home/rafael/Escritorio/Proyectos/Bank-Sofka/src/screens/HomeScreen.tsx": {"path":"/home/rafael/Escritorio/Proyectos/Bank-Sofka/src/screens/HomeScreen.tsx","statementMap":{"0":{"start":{"line":16,"column":19},"end":{"line":74,"column":1}},"1":{"start":{"line":18,"column":32},"end":{"line":18,"column":57}},"2":{"start":{"line":19,"column":38},"end":{"line":19,"column":50}},"3":{"start":{"line":20,"column":26},"end":{"line":20,"column":62}},"4":{"start":{"line":21,"column":42},"end":{"line":21,"column":78}},"5":{"start":{"line":24,"column":30},"end":{"line":24,"column":58}},"6":{"start":{"line":26,"column":24},"end":{"line":36,"column":3}},"7":{"start":{"line":27,"column":4},"end":{"line":35,"column":5}},"8":{"start":{"line":28,"column":23},"end":{"line":28,"column":60}},"9":{"start":{"line":29,"column":6},"end":{"line":32,"column":9}},"10":{"start":{"line":30,"column":8},"end":{"line":30,"column":34}},"11":{"start":{"line":31,"column":8},"end":{"line":31,"column":39}},"12":{"start":{"line":34,"column":6},"end":{"line":34,"column":24}},"13":{"start":{"line":38,"column":2},"end":{"line":40,"column":8}},"14":{"start":{"line":39,"column":4},"end":{"line":39,"column":20}},"15":{"start":{"line":42,"column":23},"end":{"line":51,"column":3}},"16":{"start":{"line":43,"column":4},"end":{"line":50,"column":5}},"17":{"start":{"line":44,"column":21},"end":{"line":46,"column":8}},"18":{"start":{"line":45,"column":8},"end":{"line":45,"column":83}},"19":{"start":{"line":47,"column":6},"end":{"line":47,"column":22}},"20":{"start":{"line":49,"column":6},"end":{"line":49,"column":28}},"21":{"start":{"line":53,"column":2},"end":{"line":55,"column":28}},"22":{"start":{"line":54,"column":4},"end":{"line":54,"column":19}},"23":{"start":{"line":57,"column":2},"end":{"line":73,"column":3}},"24":{"start":{"line":67,"column":34},"end":{"line":67,"column":53}}},"fnMap":{"0":{"name":"(anonymous_0)","decl":{"start":{"line":16,"column":19},"end":{"line":16,"column":20}},"loc":{"start":{"line":16,"column":46},"end":{"line":74,"column":1}},"line":16},"1":{"name":"(anonymous_1)","decl":{"start":{"line":26,"column":24},"end":{"line":26,"column":25}},"loc":{"start":{"line":26,"column":36},"end":{"line":36,"column":3}},"line":26},"2":{"name":"(anonymous_2)","decl":{"start":{"line":29,"column":10},"end":{"line":29,"column":11}},"loc":{"start":{"line":29,"column":16},"end":{"line":32,"column":7}},"line":29},"3":{"name":"(anonymous_3)","decl":{"start":{"line":38,"column":12},"end":{"line":38,"column":13}},"loc":{"start":{"line":38,"column":18},"end":{"line":40,"column":3}},"line":38},"4":{"name":"(anonymous_4)","decl":{"start":{"line":42,"column":23},"end":{"line":42,"column":24}},"loc":{"start":{"line":42,"column":29},"end":{"line":51,"column":3}},"line":42},"5":{"name":"(anonymous_5)","decl":{"start":{"line":44,"column":37},"end":{"line":44,"column":38}},"loc":{"start":{"line":44,"column":45},"end":{"line":46,"column":7}},"line":44},"6":{"name":"(anonymous_6)","decl":{"start":{"line":53,"column":12},"end":{"line":53,"column":13}},"loc":{"start":{"line":53,"column":18},"end":{"line":55,"column":3}},"line":53},"7":{"name":"(anonymous_7)","decl":{"start":{"line":67,"column":26},"end":{"line":67,"column":27}},"loc":{"start":{"line":67,"column":34},"end":{"line":67,"column":53}},"line":67}},"branchMap":{"0":{"loc":{"start":{"line":43,"column":4},"end":{"line":50,"column":5}},"type":"if","locations":[{"start":{"line":43,"column":4},"end":{"line":50,"column":5}},{"start":{"line":48,"column":11},"end":{"line":50,"column":5}}],"line":43},"1":{"loc":{"start":{"line":70,"column":51},"end":{"line":70,"column":66}},"type":"binary-expr","locations":[{"start":{"line":70,"column":51},"end":{"line":70,"column":55}},{"start":{"line":70,"column":59},"end":{"line":70,"column":66}}],"line":70}},"s":{"0":3,"1":8,"2":8,"3":8,"4":8,"5":8,"6":8,"7":4,"8":4,"9":3,"10":3,"11":3,"12":1,"13":8,"14":4,"15":8,"16":4,"17":0,"18":0,"19":0,"20":4,"21":8,"22":4,"23":8,"24":1},"f":{"0":8,"1":4,"2":3,"3":4,"4":4,"5":0,"6":4,"7":1},"b":{"0":[0,4],"1":[8,8]},"_coverageSchema":"1a1c01bbd47fc00a2c39e90264f33305004495a9","hash":"4dd63070cda959b5282bd32bc9ce8d1332318ee4"}
}
