TN:
SF:App.tsx
FN:4,App
FNF:1
FNH:1
FNDA:1,App
DA:5,1
LF:1
LH:1
BRF:0
BRH:0
end_of_record
TN:
SF:src/components/FadeInImage.tsx
FN:10,(anonymous_0)
FN:15,(anonymous_1)
FNF:2
FNH:2
FNDA:4,(anonymous_0)
FNDA:1,(anonymous_1)
DA:10,4
DA:12,4
DA:13,4
DA:15,4
DA:16,1
DA:17,1
DA:20,4
LF:7
LH:7
BRDA:26,0,0,4
BRDA:26,0,1,3
BRF:2
BRH:2
end_of_record
TN:
SF:src/components/ListProduct.tsx
FN:15,(anonymous_0)
FN:24,(anonymous_1)
FN:25,(anonymous_2)
FN:26,(anonymous_3)
FN:28,(anonymous_4)
FN:29,(anonymous_5)
FNF:6
FNH:5
FNDA:10,(anonymous_0)
FNDA:16,(anonymous_1)
FNDA:12,(anonymous_2)
FNDA:0,(anonymous_3)
FNDA:8,(anonymous_4)
FNDA:6,(anonymous_5)
DA:15,4
DA:17,10
DA:19,10
DA:24,16
DA:26,12
DA:28,8
DA:30,6
LF:7
LH:7
BRF:0
BRH:0
end_of_record
TN:
SF:src/components/Product.tsx
FN:5,(anonymous_0)
FNF:1
FNH:1
FNDA:13,(anonymous_0)
DA:5,5
DA:6,13
DA:21,5
LF:3
LH:3
BRF:0
BRH:0
end_of_record
TN:
SF:src/navigator/Navigator.tsx
FN:16,(anonymous_0)
FN:26,(anonymous_1)
FNF:2
FNH:2
FNDA:2,(anonymous_0)
FNDA:2,(anonymous_1)
DA:14,2
DA:16,2
DA:17,2
DA:27,2
LF:4
LH:4
BRF:0
BRH:0
end_of_record
TN:
SF:src/screens/AdditionalInformationScreen.tsx
FN:10,(anonymous_0)
FNF:1
FNH:1
FNDA:1,(anonymous_0)
DA:10,3
DA:12,1
DA:14,1
DA:51,3
LF:4
LH:4
BRF:0
BRH:0
end_of_record
TN:
SF:src/screens/HomeScreen.tsx
FN:16,(anonymous_0)
FN:26,(anonymous_1)
FN:29,(anonymous_2)
FN:38,(anonymous_3)
FN:42,(anonymous_4)
FN:44,(anonymous_5)
FN:53,(anonymous_6)
FN:67,(anonymous_7)
FNF:8
FNH:7
FNDA:8,(anonymous_0)
FNDA:4,(anonymous_1)
FNDA:3,(anonymous_2)
FNDA:4,(anonymous_3)
FNDA:4,(anonymous_4)
FNDA:0,(anonymous_5)
FNDA:4,(anonymous_6)
FNDA:1,(anonymous_7)
DA:16,3
DA:18,8
DA:19,8
DA:20,8
DA:21,8
DA:24,8
DA:26,8
DA:27,4
DA:28,4
DA:29,3
DA:30,3
DA:31,3
DA:34,1
DA:38,8
DA:39,4
DA:42,8
DA:43,4
DA:44,0
DA:45,0
DA:47,0
DA:49,4
DA:53,8
DA:54,4
DA:57,8
DA:67,1
LF:25
LH:22
BRDA:43,0,0,0
BRDA:43,0,1,4
BRDA:70,1,0,8
BRDA:70,1,1,8
BRF:4
BRH:3
end_of_record
