TN:
SF:src/components/ButtonCustom.tsx
FN:12,(anonymous_0)
FNF:1
FNH:1
FNDA:40,(anonymous_0)
DA:12,5
DA:13,40
LF:2
LH:2
BRDA:19,0,0,40
BRDA:19,0,1,28
BRDA:29,1,0,40
BRDA:29,1,1,31
BRF:4
BRH:4
end_of_record
TN:
SF:src/components/FadeInImage.tsx
FN:11,(anonymous_0)
FN:16,(anonymous_1)
FN:17,(anonymous_2)
FNF:3
FNH:3
FNDA:12,(anonymous_0)
FNDA:1,(anonymous_1)
FNDA:1,(anonymous_2)
DA:11,4
DA:13,12
DA:14,12
DA:16,12
DA:17,1
DA:18,1
DA:19,1
DA:23,12
LF:8
LH:8
BRDA:29,0,0,12
BRDA:29,0,1,11
BRF:2
BRH:2
end_of_record
TN:
SF:src/components/InputCustom.tsx
FN:15,(anonymous_0)
FN:58,(anonymous_1)
FN:62,(anonymous_2)
FN:72,(anonymous_3)
FN:81,(anonymous_4)
FN:87,(anonymous_5)
FNF:6
FNH:6
FNDA:124,(anonymous_0)
FNDA:10,(anonymous_1)
FNDA:10,(anonymous_2)
FNDA:40,(anonymous_3)
FNDA:53,(anonymous_4)
FNDA:15,(anonymous_5)
DA:15,4
DA:16,124
DA:17,124
DA:18,124
DA:19,124
DA:20,124
DA:22,124
DA:23,124
DA:26,124
DA:28,28
DA:29,28
DA:30,28
DA:31,28
DA:33,19
DA:34,19
DA:35,19
DA:36,19
DA:38,19
DA:39,19
DA:40,19
DA:41,19
DA:43,19
DA:44,19
DA:45,19
DA:47,18
DA:48,18
DA:49,18
DA:51,20
DA:52,20
DA:53,20
DA:55,1
DA:58,124
DA:59,10
DA:60,10
DA:61,10
DA:62,10
DA:63,10
DA:64,10
DA:72,124
DA:73,40
DA:74,6
DA:75,6
DA:76,6
DA:81,124
DA:82,53
DA:83,10
DA:87,124
DA:91,15
DA:93,4
DA:94,1
DA:95,1
DA:97,3
DA:99,4
DA:101,3
DA:102,1
DA:103,1
DA:105,2
DA:107,3
DA:109,3
DA:110,1
DA:111,1
DA:113,2
DA:115,3
DA:117,3
DA:118,1
DA:119,1
DA:121,2
DA:123,3
DA:126,2
DA:127,2
DA:129,2
DA:130,0
DA:131,0
DA:133,2
DA:134,2
DA:135,2
DA:136,2
DA:137,1
DA:138,1
DA:140,1
DA:143,2
DA:145,0
DA:147,0
DA:150,15
DA:151,15
DA:152,15
DA:154,15
DA:155,0
DA:158,15
DA:159,6
DA:162,15
DA:163,11
DA:168,124
LF:93
LH:88
BRDA:26,0,0,28
BRDA:26,0,1,19
BRDA:26,0,2,19
BRDA:26,0,3,19
BRDA:26,0,4,18
BRDA:26,0,5,20
BRDA:26,0,6,1
BRDA:61,1,0,10
BRDA:61,1,1,0
BRDA:73,2,0,6
BRDA:73,2,1,34
BRDA:73,3,0,40
BRDA:73,3,1,9
BRDA:75,4,0,6
BRDA:75,4,1,0
BRDA:82,5,0,10
BRDA:82,5,1,43
BRDA:91,6,0,4
BRDA:91,6,1,3
BRDA:91,6,2,3
BRDA:91,6,3,3
BRDA:91,6,4,2
BRDA:91,6,5,0
BRDA:91,6,6,0
BRDA:93,7,0,1
BRDA:93,7,1,3
BRDA:93,8,0,4
BRDA:93,8,1,3
BRDA:101,9,0,1
BRDA:101,9,1,2
BRDA:101,10,0,3
BRDA:101,10,1,2
BRDA:109,11,0,1
BRDA:109,11,1,2
BRDA:109,12,0,3
BRDA:109,12,1,2
BRDA:117,13,0,1
BRDA:117,13,1,2
BRDA:129,14,0,0
BRDA:129,14,1,2
BRDA:136,15,0,1
BRDA:136,15,1,1
BRDA:154,16,0,0
BRDA:154,16,1,15
BRDA:158,17,0,6
BRDA:158,17,1,9
BRDA:162,18,0,11
BRDA:162,18,1,4
BRDA:176,19,0,124
BRDA:176,19,1,58
BRDA:177,20,0,20
BRDA:177,20,1,104
BRDA:181,21,0,13
BRDA:181,21,1,111
BRF:54
BRH:48
end_of_record
TN:
SF:src/components/ItemSeparator.tsx
FN:3,(anonymous_0)
FNF:1
FNH:1
FNDA:10,(anonymous_0)
DA:3,4
DA:5,10
LF:2
LH:2
BRF:0
BRH:0
end_of_record
TN:
SF:src/components/ListProduct.tsx
FN:15,(anonymous_0)
FN:25,(anonymous_1)
FN:26,(anonymous_2)
FN:27,(anonymous_3)
FN:29,(anonymous_4)
FN:30,(anonymous_5)
FNF:6
FNH:5
FNDA:12,(anonymous_0)
FNDA:20,(anonymous_1)
FNDA:15,(anonymous_2)
FNDA:0,(anonymous_3)
FNDA:10,(anonymous_4)
FNDA:7,(anonymous_5)
DA:15,4
DA:17,12
DA:19,12
DA:25,20
DA:27,15
DA:29,10
DA:31,7
LF:7
LH:7
BRF:0
BRH:0
end_of_record
TN:
SF:src/helpers/formatDate.ts
FN:1,(anonymous_0)
FN:10,(anonymous_1)
FN:21,(anonymous_2)
FN:29,(anonymous_3)
FNF:4
FNH:4
FNDA:20,(anonymous_0)
FNDA:4,(anonymous_1)
FNDA:5,(anonymous_2)
FNDA:3,(anonymous_3)
DA:1,5
DA:2,20
DA:3,20
DA:10,5
DA:11,4
DA:14,4
DA:15,4
DA:18,4
DA:21,5
DA:22,5
DA:23,5
DA:24,5
DA:26,5
DA:29,5
DA:30,3
DA:31,3
DA:32,3
DA:33,3
DA:34,3
LF:19
LH:19
BRDA:14,0,0,1
BRDA:14,0,1,3
BRDA:15,1,0,1
BRDA:15,1,1,3
BRF:4
BRH:4
end_of_record
TN:
SF:src/hooks/UseApiInstance.ts
FNF:0
FNH:0
DA:3,6
DA:4,6
DA:6,6
LF:3
LH:3
BRF:0
BRH:0
end_of_record
TN:
SF:src/hooks/useAnimation.ts
FN:4,(anonymous_0)
FN:9,(anonymous_1)
FN:20,(anonymous_2)
FN:39,(anonymous_3)
FNF:4
FNH:3
FNDA:21,(anonymous_0)
FNDA:6,(anonymous_1)
FNDA:0,(anonymous_2)
FNDA:5,(anonymous_3)
DA:4,4
DA:6,21
DA:7,21
DA:9,21
DA:10,6
DA:20,21
DA:21,0
DA:29,0
DA:39,21
DA:40,5
DA:41,5
DA:52,21
LF:12
LH:10
BRDA:9,0,0,5
BRDA:39,1,0,3
BRDA:44,2,0,5
BRDA:44,2,1,0
BRF:4
BRH:3
end_of_record
TN:
SF:src/hooks/useForm.ts
FN:3,(anonymous_0)
FN:6,(anonymous_1)
FNF:2
FNH:2
FNDA:15,(anonymous_0)
FNDA:11,(anonymous_1)
DA:3,3
DA:4,15
DA:6,15
DA:7,11
DA:13,15
LF:5
LH:5
BRF:0
BRH:0
end_of_record
TN:
SF:src/navigator/Navigator.tsx
FN:18,(anonymous_0)
FN:28,(anonymous_1)
FNF:2
FNH:2
FNDA:2,(anonymous_0)
FNDA:2,(anonymous_1)
DA:16,2
DA:18,2
DA:19,2
DA:29,2
LF:4
LH:4
BRF:0
BRH:0
end_of_record
TN:
SF:src/screens/AdditionalInformationScreen.tsx
FN:14,(anonymous_0)
FN:21,(anonymous_1)
FN:23,(anonymous_2)
FN:24,(anonymous_3)
FN:61,(anonymous_4)
FN:84,(anonymous_5)
FN:87,(anonymous_6)
FN:105,(anonymous_7)
FN:108,(anonymous_8)
FNF:9
FNH:5
FNDA:9,(anonymous_0)
FNDA:0,(anonymous_1)
FNDA:0,(anonymous_2)
FNDA:0,(anonymous_3)
FNDA:3,(anonymous_4)
FNDA:1,(anonymous_5)
FNDA:0,(anonymous_6)
FNDA:1,(anonymous_7)
FNDA:1,(anonymous_8)
DA:14,3
DA:16,9
DA:18,9
DA:19,9
DA:21,9
DA:22,0
DA:23,0
DA:24,0
DA:27,9
DA:62,3
DA:63,3
DA:64,3
DA:85,1
DA:86,1
DA:87,1
DA:88,0
DA:106,1
DA:107,1
DA:108,1
DA:109,1
DA:133,3
LF:21
LH:17
BRF:0
BRH:0
end_of_record
TN:
SF:src/screens/HomeScreen.tsx
FN:16,(anonymous_0)
FN:25,(anonymous_1)
FN:28,(anonymous_2)
FN:37,(anonymous_3)
FN:41,(anonymous_4)
FN:43,(anonymous_5)
FN:52,(anonymous_6)
FN:66,(anonymous_7)
FN:70,(anonymous_8)
FNF:9
FNH:8
FNDA:14,(anonymous_0)
FNDA:10,(anonymous_1)
FNDA:9,(anonymous_2)
FNDA:10,(anonymous_3)
FNDA:5,(anonymous_4)
FNDA:0,(anonymous_5)
FNDA:5,(anonymous_6)
FNDA:1,(anonymous_7)
FNDA:1,(anonymous_8)
DA:16,3
DA:18,14
DA:19,14
DA:20,14
DA:21,14
DA:23,14
DA:25,14
DA:26,10
DA:27,10
DA:28,9
DA:29,9
DA:30,9
DA:33,1
DA:37,14
DA:38,10
DA:41,14
DA:42,5
DA:43,0
DA:44,0
DA:46,0
DA:48,5
DA:52,14
DA:53,5
DA:56,14
DA:66,1
DA:70,1
LF:26
LH:23
BRDA:42,0,0,0
BRDA:42,0,1,5
BRDA:69,1,0,14
BRDA:69,1,1,14
BRF:4
BRH:3
end_of_record
TN:
SF:src/screens/ProductRegistrationScreen.tsx
FN:9,(anonymous_0)
FN:17,(anonymous_1)
FN:23,(anonymous_2)
FN:27,(anonymous_3)
FN:32,(anonymous_4)
FN:78,(anonymous_5)
FN:79,(anonymous_6)
FN:80,(anonymous_7)
FN:81,(anonymous_8)
FNF:9
FNH:9
FNDA:15,(anonymous_0)
FNDA:1,(anonymous_1)
FNDA:6,(anonymous_2)
FNDA:5,(anonymous_3)
FNDA:2,(anonymous_4)
FNDA:2,(anonymous_5)
FNDA:1,(anonymous_6)
FNDA:1,(anonymous_7)
FNDA:1,(anonymous_8)
DA:9,3
DA:11,15
DA:12,15
DA:13,15
DA:15,15
DA:17,15
DA:18,1
DA:19,1
DA:20,1
DA:23,15
DA:24,6
DA:27,15
DA:28,5
DA:29,5
DA:32,15
DA:33,2
DA:34,2
DA:35,1
DA:36,1
DA:37,1
DA:42,1
DA:44,1
DA:45,1
DA:46,1
DA:47,1
DA:58,1
DA:66,15
DA:78,2
DA:79,1
DA:80,1
DA:81,1
LF:31
LH:31
BRDA:34,0,0,1
BRDA:34,0,1,1
BRDA:34,1,0,2
BRDA:34,1,1,2
BRDA:69,2,0,15
BRDA:69,2,1,0
BRDA:70,3,0,15
BRDA:70,3,1,0
BRF:8
BRH:6
end_of_record
